-------------------------------------------------------------------------------
Test set: service.IndicatorResourceTest
-------------------------------------------------------------------------------
Tests run: 1, Failures: 0, Errors: 1, Skipped: 0, Time elapsed: 5.582 s <<< FAILURE! - in service.IndicatorResourceTest
testGetTechnicalIndicator(service.IndicatorResourceTest)  Time elapsed: 5.525 s  <<< ERROR!
javax.ws.rs.ProcessingException: RESTEASY004655: Unable to invoke request: org.apache.http.conn.HttpHostConnectException: Connect to localhost:10000 [localhost/127.0.0.1, localhost/0:0:0:0:0:0:0:1] failed: Connection refused: connect
	at service.IndicatorResourceTest.testGetTechnicalIndicator(IndicatorResourceTest.java:35)
Caused by: org.apache.http.conn.HttpHostConnectException: Connect to localhost:10000 [localhost/127.0.0.1, localhost/0:0:0:0:0:0:0:1] failed: Connection refused: connect
	at service.IndicatorResourceTest.testGetTechnicalIndicator(IndicatorResourceTest.java:35)
Caused by: java.net.ConnectException: Connection refused: connect
	at service.IndicatorResourceTest.testGetTechnicalIndicator(IndicatorResourceTest.java:35)

