<?xml version="1.0" encoding="UTF-8"?>
<testsuite xmlns:xsi="http://www.w3.org/2001/XMLSchema-instance" xsi:noNamespaceSchemaLocation="https://maven.apache.org/surefire/maven-surefire-plugin/xsd/surefire-test-report.xsd" name="service.IndicatorResourceTest" time="5.582" tests="1" errors="1" skipped="0" failures="0">
  <properties>
[...]
</properties>
  <testcase name="testGetTechnicalIndicator" classname="service.IndicatorResourceTest" time="5.525">
    <error message="RESTEASY004655: Unable to invoke request: org.apache.http.conn.HttpHostConnectException: Connect to localhost:10000 [localhost/127.0.0.1, localhost/0:0:0:0:0:0:0:1] failed: Connection refused: connect" type="javax.ws.rs.ProcessingException">javax.ws.rs.ProcessingException: RESTEASY004655: Unable to invoke request: org.apache.http.conn.HttpHostConnectException: Connect to localhost:10000 [localhost/127.0.0.1, localhost/0:0:0:0:0:0:0:1] failed: Connection refused: connect
	at service.IndicatorResourceTest.testGetTechnicalIndicator(IndicatorResourceTest.java:35)
Caused by: org.apache.http.conn.HttpHostConnectException: Connect to localhost:10000 [localhost/127.0.0.1, localhost/0:0:0:0:0:0:0:1] failed: Connection refused: connect
	at service.IndicatorResourceTest.testGetTechnicalIndicator(IndicatorResourceTest.java:35)
Caused by: java.net.ConnectException: Connection refused: connect
	at service.IndicatorResourceTest.testGetTechnicalIndicator(IndicatorResourceTest.java:35)
</error>
  </testcase>
</testsuite>